0 info it worked if it ends with ok
1 verbose cli [ 'C:\\Program Files\\nodejs\\node.exe',
1 verbose cli   'C:\\Program Files\\nodejs\\node_modules\\npm\\bin\\npm-cli.js',
1 verbose cli   'install' ]
2 info using npm@3.3.12
3 info using node@v5.5.0
4 silly loadCurrentTree Starting
5 silly install loadCurrentTree
6 silly install readLocalPackageData
7 silly install normalizeTree
8 silly loadCurrentTree Finishing
9 silly loadIdealTree Starting
10 silly install loadIdealTree
11 silly cloneCurrentTree Starting
12 silly install cloneCurrentTreeToIdealTree
13 silly cloneCurrentTree Finishing
14 silly loadShrinkwrap Starting
15 silly install loadShrinkwrap
16 silly loadShrinkwrap Finishing
17 silly loadAllDepsIntoIdealTree Starting
18 silly install loadAllDepsIntoIdealTree
19 silly fetchNamedPackageData aerospike
20 silly mapToRegistry name aerospike
21 silly mapToRegistry using default registry
22 silly mapToRegistry registry https://registry.npmjs.org/
23 silly mapToRegistry uri https://registry.npmjs.org/aerospike
24 verbose request uri https://registry.npmjs.org/aerospike
25 verbose request no auth needed
26 info attempt registry request try #1 at 11:40:49 AM
27 verbose request id 9b39e363e6a9e26a
28 http request GET https://registry.npmjs.org/aerospike
29 http 200 https://registry.npmjs.org/aerospike
30 verbose headers { server: 'CouchDB/1.5.0 (Erlang OTP/R16B03)',
30 verbose headers   etag: '"F53WQ6Q9OEQSSWPMNPRRHWN57"',
30 verbose headers   'content-type': 'application/json',
30 verbose headers   'cache-control': 'max-age=300',
30 verbose headers   'content-length': '76348',
30 verbose headers   'accept-ranges': 'bytes',
30 verbose headers   date: 'Fri, 04 Mar 2016 14:40:50 GMT',
30 verbose headers   via: '1.1 varnish',
30 verbose headers   age: '0',
30 verbose headers   connection: 'keep-alive',
30 verbose headers   'x-served-by': 'cache-jfk1030-JFK',
30 verbose headers   'x-cache': 'HIT',
30 verbose headers   'x-cache-hits': '1',
30 verbose headers   'x-timer': 'S1457102450.450293,VS0,VE21',
30 verbose headers   vary: 'Accept' }
31 silly get cb [ 200,
31 silly get   { server: 'CouchDB/1.5.0 (Erlang OTP/R16B03)',
31 silly get     etag: '"F53WQ6Q9OEQSSWPMNPRRHWN57"',
31 silly get     'content-type': 'application/json',
31 silly get     'cache-control': 'max-age=300',
31 silly get     'content-length': '76348',
31 silly get     'accept-ranges': 'bytes',
31 silly get     date: 'Fri, 04 Mar 2016 14:40:50 GMT',
31 silly get     via: '1.1 varnish',
31 silly get     age: '0',
31 silly get     connection: 'keep-alive',
31 silly get     'x-served-by': 'cache-jfk1030-JFK',
31 silly get     'x-cache': 'HIT',
31 silly get     'x-cache-hits': '1',
31 silly get     'x-timer': 'S1457102450.450293,VS0,VE21',
31 silly get     vary: 'Accept' } ]
32 verbose get saving aerospike to C:\Users\Agustín\AppData\Roaming\npm-cache\registry.npmjs.org\aerospike\.cache.json
33 silly resolveWithNewModule aerospike@1.0.56 checking installable status
34 silly rollbackFailedOptional Starting
35 silly rollbackFailedOptional Finishing
36 silly runTopLevelLifecycles Starting
37 silly runTopLevelLifecycles Finishing
38 silly install printInstalled
39 verbose stack Error: Unsupported
39 verbose stack     at checkPlatform (C:\Program Files\nodejs\node_modules\npm\node_modules\npm-install-checks\index.js:46:14)
39 verbose stack     at Array.<anonymous> (C:\Program Files\nodejs\node_modules\npm\node_modules\slide\lib\bind-actor.js:15:8)
39 verbose stack     at LOOP (C:\Program Files\nodejs\node_modules\npm\node_modules\slide\lib\chain.js:15:14)
39 verbose stack     at C:\Program Files\nodejs\node_modules\npm\node_modules\slide\lib\chain.js:18:7
39 verbose stack     at checkEngine (C:\Program Files\nodejs\node_modules\npm\node_modules\npm-install-checks\index.js:25:10)
39 verbose stack     at Array.<anonymous> (C:\Program Files\nodejs\node_modules\npm\node_modules\slide\lib\bind-actor.js:15:8)
39 verbose stack     at LOOP (C:\Program Files\nodejs\node_modules\npm\node_modules\slide\lib\chain.js:15:14)
39 verbose stack     at chain (C:\Program Files\nodejs\node_modules\npm\node_modules\slide\lib\chain.js:20:5)
39 verbose stack     at module.exports.isInstallable (C:\Program Files\nodejs\node_modules\npm\lib\install\validate-args.js:26:3)
39 verbose stack     at resolveWithNewModule (C:\Program Files\nodejs\node_modules\npm\lib\install\deps.js:452:12)
40 verbose pkgid aerospike@1.0.56
41 verbose cwd A:\Things\Desktop\shopshoes\db
42 error Windows_NT 6.3.9600
43 error argv "C:\\Program Files\\nodejs\\node.exe" "C:\\Program Files\\nodejs\\node_modules\\npm\\bin\\npm-cli.js" "install"
44 error node v5.5.0
45 error npm  v3.3.12
46 error code EBADPLATFORM
47 error notsup Unsupported
47 error notsup Not compatible with your operating system or architecture: aerospike@1.0.56
47 error notsup Valid OS:    linux,darwin
47 error notsup Valid Arch:  x64
47 error notsup Actual OS:   win32
47 error notsup Actual Arch: x64
48 verbose exit [ 1, true ]
